<?xml version="1.0" encoding="UTF-8"?>
<testsuite name="iot.turntabl.springweb.SpringwebApplicationTests" tests="1" skipped="0" failures="0" errors="0" timestamp="2019-11-20T17:37:48" hostname="ip-172-31-22-82" time="0.291">
  <properties/>
  <testcase name="contextLoads()" classname="iot.turntabl.springweb.SpringwebApplicationTests" time="0.291"/>
  <system-out><![CDATA[17:37:45.689 [Test worker] DEBUG org.springframework.test.context.BootstrapUtils - Instantiating CacheAwareContextLoaderDelegate from class [org.springframework.test.context.cache.DefaultCacheAwareContextLoaderDelegate]
17:37:45.706 [Test worker] DEBUG org.springframework.test.context.BootstrapUtils - Instantiating BootstrapContext using constructor [public org.springframework.test.context.support.DefaultBootstrapContext(java.lang.Class,org.springframework.test.context.CacheAwareContextLoaderDelegate)]
17:37:45.735 [Test worker] DEBUG org.springframework.test.context.BootstrapUtils - Instantiating TestContextBootstrapper for test class [iot.turntabl.springweb.SpringwebApplicationTests] from class [org.springframework.boot.test.context.SpringBootTestContextBootstrapper]
17:37:45.749 [Test worker] INFO org.springframework.boot.test.context.SpringBootTestContextBootstrapper - Neither @ContextConfiguration nor @ContextHierarchy found for test class [iot.turntabl.springweb.SpringwebApplicationTests], using SpringBootContextLoader
17:37:45.753 [Test worker] DEBUG org.springframework.test.context.support.AbstractContextLoader - Did not detect default resource location for test class [iot.turntabl.springweb.SpringwebApplicationTests]: class path resource [iot/turntabl/springweb/SpringwebApplicationTests-context.xml] does not exist
17:37:45.754 [Test worker] DEBUG org.springframework.test.context.support.AbstractContextLoader - Did not detect default resource location for test class [iot.turntabl.springweb.SpringwebApplicationTests]: class path resource [iot/turntabl/springweb/SpringwebApplicationTestsContext.groovy] does not exist
17:37:45.754 [Test worker] INFO org.springframework.test.context.support.AbstractContextLoader - Could not detect default resource locations for test class [iot.turntabl.springweb.SpringwebApplicationTests]: no resource found for suffixes {-context.xml, Context.groovy}.
17:37:45.755 [Test worker] INFO org.springframework.test.context.support.AnnotationConfigContextLoaderUtils - Could not detect default configuration classes for test class [iot.turntabl.springweb.SpringwebApplicationTests]: SpringwebApplicationTests does not declare any static, non-private, non-final, nested classes annotated with @Configuration.
17:37:45.789 [Test worker] DEBUG org.springframework.test.context.support.ActiveProfilesUtils - Could not find an 'annotation declaring class' for annotation type [org.springframework.test.context.ActiveProfiles] and class [iot.turntabl.springweb.SpringwebApplicationTests]
17:37:45.847 [Test worker] DEBUG org.springframework.context.annotation.ClassPathScanningCandidateComponentProvider - Identified candidate component class: file [/home/ali-fuseini/Desktop/spring-web-maths/build/classes/java/main/iot/turntabl/springweb/SpringwebApplication.class]
17:37:45.849 [Test worker] INFO org.springframework.boot.test.context.SpringBootTestContextBootstrapper - Found @SpringBootConfiguration iot.turntabl.springweb.SpringwebApplication for test class iot.turntabl.springweb.SpringwebApplicationTests
17:37:45.945 [Test worker] DEBUG org.springframework.boot.test.context.SpringBootTestContextBootstrapper - @TestExecutionListeners is not present for class [iot.turntabl.springweb.SpringwebApplicationTests]: using defaults.
17:37:45.946 [Test worker] INFO org.springframework.boot.test.context.SpringBootTestContextBootstrapper - Loaded default TestExecutionListener class names from location [META-INF/spring.factories]: [org.springframework.boot.test.autoconfigure.restdocs.RestDocsTestExecutionListener, org.springframework.boot.test.autoconfigure.web.client.MockRestServiceServerResetTestExecutionListener, org.springframework.boot.test.autoconfigure.web.servlet.MockMvcPrintOnlyOnFailureTestExecutionListener, org.springframework.boot.test.autoconfigure.web.servlet.WebDriverTestExecutionListener, org.springframework.boot.test.mock.mockito.MockitoTestExecutionListener, org.springframework.boot.test.mock.mockito.ResetMocksTestExecutionListener, org.springframework.test.context.web.ServletTestExecutionListener, org.springframework.test.context.support.DirtiesContextBeforeModesTestExecutionListener, org.springframework.test.context.support.DependencyInjectionTestExecutionListener, org.springframework.test.context.support.DirtiesContextTestExecutionListener, org.springframework.test.context.transaction.TransactionalTestExecutionListener, org.springframework.test.context.jdbc.SqlScriptsTestExecutionListener, org.springframework.test.context.event.EventPublishingTestExecutionListener]
17:37:45.956 [Test worker] DEBUG org.springframework.boot.test.context.SpringBootTestContextBootstrapper - Skipping candidate TestExecutionListener [org.springframework.test.context.transaction.TransactionalTestExecutionListener] due to a missing dependency. Specify custom listener classes or make the default listener classes and their required dependencies available. Offending class: [org/springframework/transaction/TransactionDefinition]
17:37:45.957 [Test worker] DEBUG org.springframework.boot.test.context.SpringBootTestContextBootstrapper - Skipping candidate TestExecutionListener [org.springframework.test.context.jdbc.SqlScriptsTestExecutionListener] due to a missing dependency. Specify custom listener classes or make the default listener classes and their required dependencies available. Offending class: [org/springframework/transaction/interceptor/TransactionAttribute]
17:37:45.957 [Test worker] INFO org.springframework.boot.test.context.SpringBootTestContextBootstrapper - Using TestExecutionListeners: [org.springframework.test.context.web.ServletTestExecutionListener@6c386e9d, org.springframework.test.context.support.DirtiesContextBeforeModesTestExecutionListener@88314f6, org.springframework.boot.test.mock.mockito.MockitoTestExecutionListener@26b97868, org.springframework.boot.test.autoconfigure.SpringBootDependencyInjectionTestExecutionListener@42fcf9f4, org.springframework.test.context.support.DirtiesContextTestExecutionListener@6d9f3bb0, org.springframework.test.context.event.EventPublishingTestExecutionListener@7d2bb651, org.springframework.boot.test.autoconfigure.restdocs.RestDocsTestExecutionListener@103ceba4, org.springframework.boot.test.autoconfigure.web.client.MockRestServiceServerResetTestExecutionListener@35aa930e, org.springframework.boot.test.autoconfigure.web.servlet.MockMvcPrintOnlyOnFailureTestExecutionListener@217c6cb0, org.springframework.boot.test.autoconfigure.web.servlet.WebDriverTestExecutionListener@145dff0, org.springframework.boot.test.mock.mockito.ResetMocksTestExecutionListener@765375b7]
17:37:45.961 [Test worker] DEBUG org.springframework.test.context.support.AbstractDirtiesContextTestExecutionListener - Before test class: context [DefaultTestContext@24ca54bb testClass = SpringwebApplicationTests, testInstance = [null], testMethod = [null], testException = [null], mergedContextConfiguration = [WebMergedContextConfiguration@709506b8 testClass = SpringwebApplicationTests, locations = '{}', classes = '{class iot.turntabl.springweb.SpringwebApplication}', contextInitializerClasses = '[]', activeProfiles = '{}', propertySourceLocations = '{}', propertySourceProperties = '{org.springframework.boot.test.context.SpringBootTestContextBootstrapper=true}', contextCustomizers = set[org.springframework.boot.test.autoconfigure.properties.PropertyMappingContextCustomizer@0, org.springframework.boot.test.autoconfigure.web.servlet.WebDriverContextCustomizerFactory$Customizer@76360642, org.springframework.boot.test.context.filter.ExcludeFilterContextCustomizer@57b42dd5, org.springframework.boot.test.json.DuplicateJsonObjectContextCustomizerFactory$DuplicateJsonObjectContextCustomizer@6a442ff0, org.springframework.boot.test.mock.mockito.MockitoContextCustomizer@0, org.springframework.boot.test.web.client.TestRestTemplateContextCustomizer@688459b], resourceBasePath = 'src/main/webapp', contextLoader = 'org.springframework.boot.test.context.SpringBootContextLoader', parent = [null]], attributes = map['org.springframework.test.context.web.ServletTestExecutionListener.activateListener' -> true]], class annotated with @DirtiesContext [false] with mode [null].
17:37:45.988 [Test worker] DEBUG org.springframework.test.context.support.TestPropertySourceUtils - Adding inlined properties to environment: {spring.jmx.enabled=false, org.springframework.boot.test.context.SpringBootTestContextBootstrapper=true, server.port=-1}

  .   ____          _            __ _ _
 /\\ / ___'_ __ _ _(_)_ __  __ _ \ \ \ \
( ( )\___ | '_ | '_| | '_ \/ _` | \ \ \ \
 \\/  ___)| |_)| | | | | || (_| |  ) ) ) )
  '  |____| .__|_| |_|_| |_\__, | / / / /
 =========|_|==============|___/=/_/_/_/
 :: Spring Boot ::        (v2.2.1.RELEASE)

2019-11-20 17:37:46.295  INFO 17455 --- [    Test worker] i.t.springweb.SpringwebApplicationTests  : Starting SpringwebApplicationTests on ip-172-31-22-82 with PID 17455 (started by ali-fuseini in /home/ali-fuseini/Desktop/spring-web-maths)
2019-11-20 17:37:46.297  INFO 17455 --- [    Test worker] i.t.springweb.SpringwebApplicationTests  : No active profile set, falling back to default profiles: default
2019-11-20 17:37:47.810  INFO 17455 --- [    Test worker] pertySourcedRequestMappingHandlerMapping : Mapped URL path [/v2/api-docs] onto method [springfox.documentation.swagger2.web.Swagger2Controller#getDocumentation(String, HttpServletRequest)]
2019-11-20 17:37:48.075  INFO 17455 --- [    Test worker] o.s.s.concurrent.ThreadPoolTaskExecutor  : Initializing ExecutorService 'applicationTaskExecutor'
2019-11-20 17:37:48.281  INFO 17455 --- [    Test worker] d.s.w.p.DocumentationPluginsBootstrapper : Context refreshed
2019-11-20 17:37:48.305  INFO 17455 --- [    Test worker] d.s.w.p.DocumentationPluginsBootstrapper : Found 1 custom documentation plugin(s)
2019-11-20 17:37:48.334  INFO 17455 --- [    Test worker] s.d.s.w.s.ApiListingReferenceScanner     : Scanning for api listing references
2019-11-20 17:37:48.558  INFO 17455 --- [    Test worker] i.t.springweb.SpringwebApplicationTests  : Started SpringwebApplicationTests in 2.559 seconds (JVM running for 3.772)
]]></system-out>
  <system-err><![CDATA[]]></system-err>
</testsuite>
