<?xml version="1.0" encoding="UTF-8"?>
<testsuite name="iot.turntabl.springweb.controllers.MathsTest" tests="2" skipped="0" failures="0" errors="0" timestamp="2019-11-20T17:37:48" hostname="ip-172-31-22-82" time="0.01">
  <properties/>
  <testcase name="addNegs()" classname="iot.turntabl.springweb.controllers.MathsTest" time="0.006"/>
  <testcase name="addToZero()" classname="iot.turntabl.springweb.controllers.MathsTest" time="0.003"/>
  <system-out><![CDATA[2019-11-20 17:37:48.871  INFO 17455 --- [    Test worker] .b.t.c.SpringBootTestContextBootstrapper : Neither @ContextConfiguration nor @ContextHierarchy found for test class [iot.turntabl.springweb.controllers.MathsTest], using SpringBootContextLoader
2019-11-20 17:37:48.872  INFO 17455 --- [    Test worker] o.s.t.c.support.AbstractContextLoader    : Could not detect default resource locations for test class [iot.turntabl.springweb.controllers.MathsTest]: no resource found for suffixes {-context.xml, Context.groovy}.
2019-11-20 17:37:48.872  INFO 17455 --- [    Test worker] t.c.s.AnnotationConfigContextLoaderUtils : Could not detect default configuration classes for test class [iot.turntabl.springweb.controllers.MathsTest]: MathsTest does not declare any static, non-private, non-final, nested classes annotated with @Configuration.
2019-11-20 17:37:48.877  INFO 17455 --- [    Test worker] .b.t.c.SpringBootTestContextBootstrapper : Found @SpringBootConfiguration iot.turntabl.springweb.SpringwebApplication for test class iot.turntabl.springweb.controllers.MathsTest
2019-11-20 17:37:48.878  INFO 17455 --- [    Test worker] .b.t.c.SpringBootTestContextBootstrapper : Loaded default TestExecutionListener class names from location [META-INF/spring.factories]: [org.springframework.boot.test.autoconfigure.restdocs.RestDocsTestExecutionListener, org.springframework.boot.test.autoconfigure.web.client.MockRestServiceServerResetTestExecutionListener, org.springframework.boot.test.autoconfigure.web.servlet.MockMvcPrintOnlyOnFailureTestExecutionListener, org.springframework.boot.test.autoconfigure.web.servlet.WebDriverTestExecutionListener, org.springframework.boot.test.mock.mockito.MockitoTestExecutionListener, org.springframework.boot.test.mock.mockito.ResetMocksTestExecutionListener, org.springframework.test.context.web.ServletTestExecutionListener, org.springframework.test.context.support.DirtiesContextBeforeModesTestExecutionListener, org.springframework.test.context.support.DependencyInjectionTestExecutionListener, org.springframework.test.context.support.DirtiesContextTestExecutionListener, org.springframework.test.context.transaction.TransactionalTestExecutionListener, org.springframework.test.context.jdbc.SqlScriptsTestExecutionListener, org.springframework.test.context.event.EventPublishingTestExecutionListener]
2019-11-20 17:37:48.879  INFO 17455 --- [    Test worker] .b.t.c.SpringBootTestContextBootstrapper : Using TestExecutionListeners: [org.springframework.test.context.web.ServletTestExecutionListener@75ec512e, org.springframework.test.context.support.DirtiesContextBeforeModesTestExecutionListener@1ba76fe4, org.springframework.boot.test.mock.mockito.MockitoTestExecutionListener@72d2296c, org.springframework.boot.test.autoconfigure.SpringBootDependencyInjectionTestExecutionListener@4ed8165b, org.springframework.test.context.support.DirtiesContextTestExecutionListener@592a4b8f, org.springframework.test.context.event.EventPublishingTestExecutionListener@79d2d701, org.springframework.boot.test.autoconfigure.restdocs.RestDocsTestExecutionListener@1aa8081e, org.springframework.boot.test.autoconfigure.web.client.MockRestServiceServerResetTestExecutionListener@14ccbfde, org.springframework.boot.test.autoconfigure.web.servlet.MockMvcPrintOnlyOnFailureTestExecutionListener@1fb1e8fb, org.springframework.boot.test.autoconfigure.web.servlet.WebDriverTestExecutionListener@70344ed3, org.springframework.boot.test.mock.mockito.ResetMocksTestExecutionListener@2a065033]
]]></system-out>
  <system-err><![CDATA[]]></system-err>
</testsuite>
